N_CAP = 70

[1] Loading data...
  Returns: (1352, 236) | Universe capped at N<=70

==================================================
[T=60, N<=70]
  Obs: 15,520 | Connected: 28.0%
  Density: 0.0030
  Portfolio sort L/S: Ann=nan%  t=n/a
  Binary split C-I:   Ann=-1.41%  t=-1.45

==================================================
[T=120, N<=70]
  Obs: 15,649 | Connected: 24.3%
  Density: 0.0043
  Portfolio sort L/S: Ann=11.18%  t=0.91
  Binary split C-I:   Ann=-2.43%  t=-1.93

==================================================
[T=180, N<=70]
  Obs: 15,160 | Connected: 21.7%
  Density: 0.0036
  Portfolio sort L/S: Ann=26.90%  t=2.08
  Binary split C-I:   Ann=1.06%  t=0.92

==================================================
[T=252, N<=70]
  Obs: 14,109 | Connected: 20.3%
  Density: 0.0030
  Portfolio sort L/S: Ann=nan%  t=n/a
  Binary split C-I:   Ann=-0.52%  t=-0.44

============================================================
SUMMARY (N<=70)
============================================================
     T   Conn%   Density    PS t    BS t    BS Ann
--------------------------------------------------
    60   28.0%    0.0030     n/a   -1.45    -1.41%
   120   24.3%    0.0043    0.91   -1.93    -2.43%
   180   21.7%    0.0036    2.08    0.92     1.06%
   252   20.3%    0.0030     n/a   -0.44    -0.52%

Saved: C:\Users\soray\.openclaw\workspace\te_network_research\results\sweep_N70_figure.png
Done.
